[2026-04-20T04:20:41.524Z] GET http://localhost:8000/docs_generator/executor/ → 404 (7ms, 335B)
[2026-04-20T04:21:03.276Z] GET http://localhost:8000/docs_generator/executor/ → 404 (3ms, 335B)
[2026-04-20T04:21:29.385Z] GET http://localhost:8000/ → 200 (2ms, 14199B)
[2026-04-20T04:21:29.393Z] GET https://fonts.googleapis.com/css2?family=Outfit:wght@300;400;600;800&display=swap → pending (?ms, ?B)
[2026-04-20T04:21:31.822Z] GET https://fonts.gstatic.com/s/outfit/v15/QGYvz_MVcBeNP4NJtEtq.woff2 → 200 (198ms, 32292B)
[2026-04-20T04:23:05.367Z] GET http://localhost:8001/docs_generator/executor/index.html → 200 (3ms, 14199B)
[2026-04-20T04:23:05.373Z] GET https://fonts.googleapis.com/css2?family=Outfit:wght@300;400;600;800&display=swap → 200 (1ms, 3324B)
[2026-04-20T04:23:05.376Z] GET https://fonts.gstatic.com/s/outfit/v15/QGYvz_MVcBeNP4NJtEtq.woff2 → 200 (2ms, 32292B)
[2026-04-20T04:23:28.823Z] GET http://localhost:8001/docs_generator/executor/memo/index.html → 200 (24ms, 9146B)
[2026-04-20T04:23:28.856Z] GET http://localhost:8001/docs_generator/executor/memo/style.css → 200 (17ms, 19715B)
[2026-04-20T04:23:28.856Z] GET https://fonts.googleapis.com/css2?family=Outfit:wght@300;400;600&family=Pretendard:wght@400;600&display=swap → 200 (99ms, 2493B)
[2026-04-20T04:23:28.856Z] GET https://www.gstatic.com/firebasejs/10.8.0/firebase-app-compat.js → 200 (175ms, 29224B)
[2026-04-20T04:23:28.856Z] GET https://www.gstatic.com/firebasejs/10.8.0/firebase-database-compat.js → 200 (208ms, 166145B)
[2026-04-20T04:23:28.856Z] GET http://localhost:8001/docs_generator/executor/memo/app.js → 200 (69ms, 53075B)
[2026-04-20T04:23:29.028Z] GET https://fonts.gstatic.com/s/outfit/v15/QGYvz_MVcBeNP4NJtEtq.woff2 → 200 (1ms, ?B)
[2026-04-20T04:23:49.801Z] GET http://localhost:8001/docs_generator/executor/index.html → 200 (1ms, 14199B)
[2026-04-20T04:23:49.808Z] GET https://fonts.googleapis.com/css2?family=Outfit:wght@300;400;600;800&display=swap → 200 (?ms, 3324B)
[2026-04-20T04:23:49.812Z] GET https://fonts.gstatic.com/s/outfit/v15/QGYvz_MVcBeNP4NJtEtq.woff2 → 200 (?ms, ?B)
[2026-04-20T04:24:01.194Z] GET http://localhost:8001/docs_generator/executor/index.html → 200 (1ms, 14199B)
[2026-04-20T04:24:01.198Z] GET https://fonts.googleapis.com/css2?family=Outfit:wght@300;400;600;800&display=swap → 200 (1ms, 3324B)
[2026-04-20T04:24:01.201Z] GET https://fonts.gstatic.com/s/outfit/v15/QGYvz_MVcBeNP4NJtEtq.woff2 → 200 (?ms, ?B)
[2026-04-20T04:24:23.054Z] GET http://localhost:8001/converter/index.html → 200 (2ms, 5187B)
[2026-04-20T04:24:23.062Z] GET http://localhost:8001/converter/style.css → 200 (9ms, 6987B)
[2026-04-20T04:24:23.062Z] GET https://fonts.googleapis.com/css2?family=Outfit:wght@300;400;600;800&display=swap → 200 (?ms, 3324B)
[2026-04-20T04:24:23.062Z] GET https://cdnjs.cloudflare.com/ajax/libs/jspdf/2.5.1/jspdf.umd.min.js → 200 (32ms, 364463B)
[2026-04-20T04:24:23.062Z] GET https://unpkg.com/pdf-lib@1.17.1/dist/pdf-lib.min.js → 200 (70ms, 525099B)
[2026-04-20T04:24:23.063Z] GET https://cdnjs.cloudflare.com/ajax/libs/pdf.js/3.11.174/pdf.min.js → 200 (57ms, 320004B)
[2026-04-20T04:24:23.063Z] GET http://localhost:8001/converter/main.js → 200 (24ms, 13914B)
[2026-04-20T04:24:23.195Z] GET https://fonts.gstatic.com/s/outfit/v15/QGYvz_MVcBeNP4NJtEtq.woff2 → 200 (1ms, ?B)
[2026-04-20T04:24:27.159Z] GET http://localhost:8001/meml/index.html → 200 (3ms, 39335B)
[2026-04-20T04:24:27.166Z] GET https://fonts.googleapis.com/css2?family=Outfit:wght@300;400;600;800&family=Noto+Sans+KR:wght@300;400;500;700&display=swap → 200 (79ms, 380944B)
[2026-04-20T04:24:27.366Z] GET https://fonts.gstatic.com/s/outfit/v15/QGYvz_MVcBeNP4NJtEtq.woff2 → 200 (?ms, ?B)
[2026-04-20T04:24:27.368Z] GET https://fonts.gstatic.com/s/notosanskr/v39/PbykFmXiEBPT4ITbgNA5Cgm20xz64px_1hVWr0wuPNGmlQNMEfD4.119.woff2 → 200 (63ms, 16676B)
[2026-04-20T04:24:27.369Z] GET https://fonts.gstatic.com/s/notosanskr/v39/PbykFmXiEBPT4ITbgNA5Cgm20xz64px_1hVWr0wuPNGmlQNMEfD4.118.woff2 → 200 (53ms, 14664B)
[2026-04-20T04:24:27.369Z] GET https://fonts.gstatic.com/s/notosanskr/v39/PbykFmXiEBPT4ITbgNA5Cgm20xz64px_1hVWr0wuPNGmlQNMEfD4.117.woff2 → 200 (70ms, 14460B)
[2026-04-20T04:24:27.369Z] GET https://fonts.gstatic.com/s/notosanskr/v39/PbykFmXiEBPT4ITbgNA5Cgm20xz64px_1hVWr0wuPNGmlQNMEfD4.116.woff2 → 200 (79ms, 16200B)
[2026-04-20T04:24:27.369Z] GET https://fonts.gstatic.com/s/notosanskr/v39/PbykFmXiEBPT4ITbgNA5Cgm20xz64px_1hVWr0wuPNGmlQNMEfD4.111.woff2 → 200 (117ms, 17464B)
[2026-04-20T04:24:27.369Z] GET https://fonts.gstatic.com/s/notosanskr/v39/PbykFmXiEBPT4ITbgNA5Cgm20xz64px_1hVWr0wuPNGmlQNMEfD4.115.woff2 → 200 (118ms, 16272B)
[2026-04-20T04:24:27.369Z] GET https://fonts.gstatic.com/s/notosanskr/v39/PbykFmXiEBPT4ITbgNA5Cgm20xz64px_1hVWr0wuPNGmlQNMEfD4.114.woff2 → 200 (118ms, 16212B)
[2026-04-20T04:24:27.369Z] GET https://fonts.gstatic.com/s/notosanskr/v39/PbykFmXiEBPT4ITbgNA5Cgm20xz64px_1hVWr0wuPNGmlQNMEfD4.112.woff2 → 200 (139ms, 16448B)
